<?xml version="1.0" encoding="UTF-8"?>
<!-- Generated by org.testng.reporters.JUnitReportReporter -->
<testsuite hostname="VAIO" name="ru.stqa.selenium.SampleTestNgTest" tests="1" failures="0" timestamp="14 Jul 2016 20:00:26 GMT" time="0.002" errors="1">
  <testcase name="testHomePageHasAHeader" time="0.002" classname="ru.stqa.selenium.SampleTestNgTest">
    <error type="org.openqa.selenium.WebDriverException" message="java.lang.reflect.InvocationTargetException
Build info: version: &#039;2.53.0&#039;, revision: &#039;35ae25b1534ae328c771e0856c93e187490ca824&#039;, time: &#039;2016-03-15 10:43:46&#039;
System info: host: &#039;VAIO&#039;, ip: &#039;10.136.28.114&#039;, os.name: &#039;Windows 10&#039;, os.arch: &#039;amd64&#039;, os.version: &#039;10.0&#039;, java.version: &#039;1.8.0_91&#039;
Driver info: driver.version: unknown">
      <![CDATA[org.openqa.selenium.WebDriverException: java.lang.reflect.InvocationTargetException
Build info: version: '2.53.0', revision: '35ae25b1534ae328c771e0856c93e187490ca824', time: '2016-03-15 10:43:46'
System info: host: 'VAIO', ip: '10.136.28.114', os.name: 'Windows 10', os.arch: 'amd64', os.version: '10.0', java.version: '1.8.0_91'
Driver info: driver.version: unknown
	at org.openqa.selenium.remote.server.DefaultDriverProvider.callConstructor(DefaultDriverProvider.java:113)
	at org.openqa.selenium.remote.server.DefaultDriverProvider.newInstance(DefaultDriverProvider.java:97)
	at org.openqa.selenium.remote.server.DefaultDriverFactory.newInstance(DefaultDriverFactory.java:60)
	at ru.stqa.selenium.factory.WebDriverFactoryInternal.createLocalDriver(WebDriverFactoryInternal.java:117)
	at ru.stqa.selenium.factory.WebDriverFactoryInternal.newDriver(WebDriverFactoryInternal.java:102)
	at ru.stqa.selenium.factory.ThreadLocalSingletonStorage.createNewDriver(ThreadLocalSingletonStorage.java:90)
	at ru.stqa.selenium.factory.ThreadLocalSingletonStorage.getDriver(ThreadLocalSingletonStorage.java:37)
	at ru.stqa.selenium.factory.WebDriverFactory.getDriver(WebDriverFactory.java:48)
	at ru.stqa.selenium.TestNgTestBase.initWebDriver(TestNgTestBase.java:41)
	at sun.reflect.NativeMethodAccessorImpl.invoke0(Native Method)
	at sun.reflect.NativeMethodAccessorImpl.invoke(Unknown Source)
	at sun.reflect.DelegatingMethodAccessorImpl.invoke(Unknown Source)
	at java.lang.reflect.Method.invoke(Unknown Source)
	at org.testng.internal.MethodInvocationHelper.invokeMethod(MethodInvocationHelper.java:86)
	at org.testng.internal.Invoker.invokeConfigurationMethod(Invoker.java:514)
	at org.testng.internal.Invoker.invokeConfigurations(Invoker.java:215)
	at org.testng.internal.Invoker.invokeMethod(Invoker.java:589)
	at org.testng.internal.Invoker.invokeTestMethod(Invoker.java:820)
	at org.testng.internal.Invoker.invokeTestMethods(Invoker.java:1128)
	at org.testng.internal.TestMethodWorker.invokeTestMethods(TestMethodWorker.java:129)
	at org.testng.internal.TestMethodWorker.run(TestMethodWorker.java:112)
	at org.testng.TestRunner.privateRun(TestRunner.java:782)
	at org.testng.TestRunner.run(TestRunner.java:632)
	at org.testng.SuiteRunner.runTest(SuiteRunner.java:366)
	at org.testng.SuiteRunner.runSequentially(SuiteRunner.java:361)
	at org.testng.SuiteRunner.privateRun(SuiteRunner.java:319)
	at org.testng.SuiteRunner.run(SuiteRunner.java:268)
	at org.testng.SuiteRunnerWorker.runSuite(SuiteRunnerWorker.java:52)
	at org.testng.SuiteRunnerWorker.run(SuiteRunnerWorker.java:86)
	at org.testng.TestNG.runSuitesSequentially(TestNG.java:1244)
	at org.testng.TestNG.runSuitesLocally(TestNG.java:1169)
	at org.testng.TestNG.run(TestNG.java:1064)
	at org.testng.remote.AbstractRemoteTestNG.run(AbstractRemoteTestNG.java:126)
	at org.testng.remote.RemoteTestNG.initAndRun(RemoteTestNG.java:152)
	at org.testng.remote.RemoteTestNG.main(RemoteTestNG.java:57)
Caused by: java.lang.reflect.InvocationTargetException
	at sun.reflect.NativeConstructorAccessorImpl.newInstance0(Native Method)
	at sun.reflect.NativeConstructorAccessorImpl.newInstance(Unknown Source)
	at sun.reflect.DelegatingConstructorAccessorImpl.newInstance(Unknown Source)
	at java.lang.reflect.Constructor.newInstance(Unknown Source)
	at org.openqa.selenium.remote.server.DefaultDriverProvider.callConstructor(DefaultDriverProvider.java:103)
	... 34 more
Caused by: org.openqa.selenium.WebDriverException: Failed to connect to binary FirefoxBinary(C:\Program Files (x86)\Mozilla Firefox\firefox.exe) on port 7055; process output follows: 
484001343,"updateDate":1468484001343,"applyBackgroundUpdates":1,"skinnable":true,"size":22012,"sourceURI":null,"releaseNotesURI":null,"softDisabled":false,"foreignInstall":false,"hasBinaryComponents":false,"strictCompatibility":true,"locales":[],"targetApplications":[{"id":"{ec8030f7-c20a-464f-9b0e-13a3a9e97384}","minVersion":"47.0.1","maxVersion":"47.0.1"}],"targetPlatforms":[],"seen":true}
1468526379194	addons.xpi	DEBUG	getModTime: Recursive scan of {972ce4c6-7e08-4474-a285-3208198ce6fd}
1468526379198	DeferredSave.extensions.json	DEBUG	Save changes
1468526379199	addons.xpi	DEBUG	Updating database with changes to installed add-ons
1468526379199	addons.xpi-utils	DEBUG	Updating add-on states
1468526379201	addons.xpi-utils	DEBUG	Writing add-ons list
1468526379211	addons.xpi	DEBUG	Registering manifest for C:\Program Files (x86)\Mozilla Firefox\browser\features\e10srollout@mozilla.org.xpi
1468526379213	addons.xpi	DEBUG	Calling bootstrap method startup on e10srollout@mozilla.org version 1.0
1468526379214	addons.xpi	DEBUG	Registering manifest for C:\Program Files (x86)\Mozilla Firefox\browser\features\firefox@getpocket.com.xpi
1468526379216	addons.xpi	DEBUG	Calling bootstrap method startup on firefox@getpocket.com version 1.0.2
1468526379220	addons.xpi	DEBUG	Registering manifest for C:\Program Files (x86)\Mozilla Firefox\browser\features\loop@mozilla.org.xpi
1468526379223	addons.xpi	DEBUG	Calling bootstrap method startup on loop@mozilla.org version 1.3.2
1468526379300	addons.xpi	DEBUG	Registering manifest for C:\Program Files (x86)\Mozilla Firefox\browser\extensions\{82AF8DCA-6DE9-405D-BD5E-43525BDAD38A}.xpi
1468526379302	addons.xpi	DEBUG	Calling bootstrap method startup on {82AF8DCA-6DE9-405D-BD5E-43525BDAD38A} version 8.1.0.9134
1468526379311	addons.manager	DEBUG	Registering shutdown blocker for XPIProvider
1468526379312	addons.manager	DEBUG	Provider finished startup: XPIProvider
1468526379312	addons.manager	DEBUG	Starting provider: LightweightThemeManager
1468526379312	addons.manager	DEBUG	Registering shutdown blocker for LightweightThemeManager
1468526379314	addons.manager	DEBUG	Provider finished startup: LightweightThemeManager
1468526379317	addons.manager	DEBUG	Starting provider: GMPProvider
1468526379339	addons.manager	DEBUG	Registering shutdown blocker for GMPProvider
1468526379340	addons.manager	DEBUG	Provider finished startup: GMPProvider
1468526379340	addons.manager	DEBUG	Starting provider: PluginProvider
1468526379340	addons.manager	DEBUG	Registering shutdown blocker for PluginProvider
1468526379341	addons.manager	DEBUG	Provider finished startup: PluginProvider
1468526379342	addons.manager	DEBUG	Completed startup sequence
1468526381148	addons.manager	DEBUG	Starting provider: <unnamed-provider>
1468526381148	addons.manager	DEBUG	Registering shutdown blocker for <unnamed-provider>
1468526381149	addons.manager	DEBUG	Provider finished startup: <unnamed-provider>
JavaScript warning: resource://gre/modules/commonjs/toolkit/loader.js -> resource://gre/modules/commonjs/sdk/system/environment.js, line 15: Proxy.create and Proxy.createFunction are deprecated, use new Proxy instead
1468526382386	DeferredSave.extensions.json	DEBUG	Write succeeded
1468526382386	addons.xpi-utils	DEBUG	XPI Database saved, setting schema version preference to 17
1468526382387	DeferredSave.extensions.json	DEBUG	Starting timer
1468526382438	DeferredSave.extensions.json	DEBUG	Starting write
1468526382464	addons.repository	DEBUG	No addons.json found.
1468526382465	DeferredSave.addons.json	DEBUG	Save changes
1468526382470	DeferredSave.addons.json	DEBUG	Starting timer
1468526382537	addons.manager	DEBUG	Starting provider: PreviousExperimentProvider
1468526382538	addons.manager	DEBUG	Registering shutdown blocker for PreviousExperimentProvider
1468526382538	addons.manager	DEBUG	Provider finished startup: PreviousExperimentProvider
1468526382553	DeferredSave.addons.json	DEBUG	Starting write
1468526382592	DeferredSave.extensions.json	DEBUG	Write succeeded
1468526382789	DeferredSave.addons.json	DEBUG	Write succeeded

Build info: version: '2.53.0', revision: '35ae25b1534ae328c771e0856c93e187490ca824', time: '2016-03-15 10:43:46'
System info: host: 'VAIO', ip: '10.136.28.114', os.name: 'Windows 10', os.arch: 'amd64', os.version: '10.0', java.version: '1.8.0_91'
Driver info: driver.version: FirefoxDriver
	at org.openqa.selenium.firefox.internal.NewProfileExtensionConnection.start(NewProfileExtensionConnection.java:125)
	at org.openqa.selenium.firefox.FirefoxDriver.startClient(FirefoxDriver.java:271)
	at org.openqa.selenium.remote.RemoteWebDriver.<init>(RemoteWebDriver.java:119)
	at org.openqa.selenium.firefox.FirefoxDriver.<init>(FirefoxDriver.java:216)
	at org.openqa.selenium.firefox.FirefoxDriver.<init>(FirefoxDriver.java:211)
	at org.openqa.selenium.firefox.FirefoxDriver.<init>(FirefoxDriver.java:128)
	... 39 more
Caused by: org.openqa.selenium.firefox.NotConnectedException: Unable to connect to host 127.0.0.1 on port 7055 after 45000 ms. Firefox console output:
484001343,"updateDate":1468484001343,"applyBackgroundUpdates":1,"skinnable":true,"size":22012,"sourceURI":null,"releaseNotesURI":null,"softDisabled":false,"foreignInstall":false,"hasBinaryComponents":false,"strictCompatibility":true,"locales":[],"targetApplications":[{"id":"{ec8030f7-c20a-464f-9b0e-13a3a9e97384}","minVersion":"47.0.1","maxVersion":"47.0.1"}],"targetPlatforms":[],"seen":true}
1468526379194	addons.xpi	DEBUG	getModTime: Recursive scan of {972ce4c6-7e08-4474-a285-3208198ce6fd}
1468526379198	DeferredSave.extensions.json	DEBUG	Save changes
1468526379199	addons.xpi	DEBUG	Updating database with changes to installed add-ons
1468526379199	addons.xpi-utils	DEBUG	Updating add-on states
1468526379201	addons.xpi-utils	DEBUG	Writing add-ons list
1468526379211	addons.xpi	DEBUG	Registering manifest for C:\Program Files (x86)\Mozilla Firefox\browser\features\e10srollout@mozilla.org.xpi
1468526379213	addons.xpi	DEBUG	Calling bootstrap method startup on e10srollout@mozilla.org version 1.0
1468526379214	addons.xpi	DEBUG	Registering manifest for C:\Program Files (x86)\Mozilla Firefox\browser\features\firefox@getpocket.com.xpi
1468526379216	addons.xpi	DEBUG	Calling bootstrap method startup on firefox@getpocket.com version 1.0.2
1468526379220	addons.xpi	DEBUG	Registering manifest for C:\Program Files (x86)\Mozilla Firefox\browser\features\loop@mozilla.org.xpi
1468526379223	addons.xpi	DEBUG	Calling bootstrap method startup on loop@mozilla.org version 1.3.2
1468526379300	addons.xpi	DEBUG	Registering manifest for C:\Program Files (x86)\Mozilla Firefox\browser\extensions\{82AF8DCA-6DE9-405D-BD5E-43525BDAD38A}.xpi
1468526379302	addons.xpi	DEBUG	Calling bootstrap method startup on {82AF8DCA-6DE9-405D-BD5E-43525BDAD38A} version 8.1.0.9134
1468526379311	addons.manager	DEBUG	Registering shutdown blocker for XPIProvider
1468526379312	addons.manager	DEBUG	Provider finished startup: XPIProvider
1468526379312	addons.manager	DEBUG	Starting provider: LightweightThemeManager
1468526379312	addons.manager	DEBUG	Registering shutdown blocker for LightweightThemeManager
1468526379314	addons.manager	DEBUG	Provider finished startup: LightweightThemeManager
1468526379317	addons.manager	DEBUG	Starting provider: GMPProvider
1468526379339	addons.manager	DEBUG	Registering shutdown blocker for GMPProvider
1468526379340	addons.manager	DEBUG	Provider finished startup: GMPProvider
1468526379340	addons.manager	DEBUG	Starting provider: PluginProvider
1468526379340	addons.manager	DEBUG	Registering shutdown blocker for PluginProvider
1468526379341	addons.manager	DEBUG	Provider finished startup: PluginProvider
1468526379342	addons.manager	DEBUG	Completed startup sequence
1468526381148	addons.manager	DEBUG	Starting provider: <unnamed-provider>
1468526381148	addons.manager	DEBUG	Registering shutdown blocker for <unnamed-provider>
1468526381149	addons.manager	DEBUG	Provider finished startup: <unnamed-provider>
JavaScript warning: resource://gre/modules/commonjs/toolkit/loader.js -> resource://gre/modules/commonjs/sdk/system/environment.js, line 15: Proxy.create and Proxy.createFunction are deprecated, use new Proxy instead
1468526382386	DeferredSave.extensions.json	DEBUG	Write succeeded
1468526382386	addons.xpi-utils	DEBUG	XPI Database saved, setting schema version preference to 17
1468526382387	DeferredSave.extensions.json	DEBUG	Starting timer
1468526382438	DeferredSave.extensions.json	DEBUG	Starting write
1468526382464	addons.repository	DEBUG	No addons.json found.
1468526382465	DeferredSave.addons.json	DEBUG	Save changes
1468526382470	DeferredSave.addons.json	DEBUG	Starting timer
1468526382537	addons.manager	DEBUG	Starting provider: PreviousExperimentProvider
1468526382538	addons.manager	DEBUG	Registering shutdown blocker for PreviousExperimentProvider
1468526382538	addons.manager	DEBUG	Provider finished startup: PreviousExperimentProvider
1468526382553	DeferredSave.addons.json	DEBUG	Starting write
1468526382592	DeferredSave.extensions.json	DEBUG	Write succeeded
1468526382789	DeferredSave.addons.json	DEBUG	Write succeeded

	at org.openqa.selenium.firefox.internal.NewProfileExtensionConnection.start(NewProfileExtensionConnection.java:113)
	... 44 more
]]>
    </error>
  </testcase> <!-- testHomePageHasAHeader -->
</testsuite> <!-- ru.stqa.selenium.SampleTestNgTest -->
