<?xml version="1.0" encoding="UTF-8"?>
<!-- Generated by org.testng.reporters.JUnitReportReporter -->
<testsuite hostname="VAIO" name="ru.stqa.selenium.LoginTest2" tests="1" failures="0" timestamp="14 Jul 2016 21:22:05 GMT" time="0.002" errors="1">
  <testcase name="testLoginTest2" time="0.002" classname="ru.stqa.selenium.LoginTest2">
    <error type="org.openqa.selenium.WebDriverException" message="java.lang.reflect.InvocationTargetException
Build info: version: &#039;2.53.0&#039;, revision: &#039;35ae25b1534ae328c771e0856c93e187490ca824&#039;, time: &#039;2016-03-15 10:43:46&#039;
System info: host: &#039;VAIO&#039;, ip: &#039;10.136.28.114&#039;, os.name: &#039;Windows 10&#039;, os.arch: &#039;amd64&#039;, os.version: &#039;10.0&#039;, java.version: &#039;1.8.0_91&#039;
Driver info: driver.version: unknown">
      <![CDATA[org.openqa.selenium.WebDriverException: java.lang.reflect.InvocationTargetException
Build info: version: '2.53.0', revision: '35ae25b1534ae328c771e0856c93e187490ca824', time: '2016-03-15 10:43:46'
System info: host: 'VAIO', ip: '10.136.28.114', os.name: 'Windows 10', os.arch: 'amd64', os.version: '10.0', java.version: '1.8.0_91'
Driver info: driver.version: unknown
	at org.openqa.selenium.remote.server.DefaultDriverProvider.callConstructor(DefaultDriverProvider.java:113)
	at org.openqa.selenium.remote.server.DefaultDriverProvider.newInstance(DefaultDriverProvider.java:97)
	at org.openqa.selenium.remote.server.DefaultDriverFactory.newInstance(DefaultDriverFactory.java:60)
	at ru.stqa.selenium.factory.WebDriverFactoryInternal.createLocalDriver(WebDriverFactoryInternal.java:117)
	at ru.stqa.selenium.factory.WebDriverFactoryInternal.newDriver(WebDriverFactoryInternal.java:102)
	at ru.stqa.selenium.factory.ThreadLocalSingletonStorage.createNewDriver(ThreadLocalSingletonStorage.java:90)
	at ru.stqa.selenium.factory.ThreadLocalSingletonStorage.getDriver(ThreadLocalSingletonStorage.java:37)
	at ru.stqa.selenium.factory.WebDriverFactory.getDriver(WebDriverFactory.java:48)
	at ru.stqa.selenium.TestNgTestBase.initWebDriver(TestNgTestBase.java:41)
	at sun.reflect.NativeMethodAccessorImpl.invoke0(Native Method)
	at sun.reflect.NativeMethodAccessorImpl.invoke(Unknown Source)
	at sun.reflect.DelegatingMethodAccessorImpl.invoke(Unknown Source)
	at java.lang.reflect.Method.invoke(Unknown Source)
	at org.testng.internal.MethodInvocationHelper.invokeMethod(MethodInvocationHelper.java:86)
	at org.testng.internal.Invoker.invokeConfigurationMethod(Invoker.java:514)
	at org.testng.internal.Invoker.invokeConfigurations(Invoker.java:215)
	at org.testng.internal.Invoker.invokeMethod(Invoker.java:589)
	at org.testng.internal.Invoker.invokeTestMethod(Invoker.java:820)
	at org.testng.internal.Invoker.invokeTestMethods(Invoker.java:1128)
	at org.testng.internal.TestMethodWorker.invokeTestMethods(TestMethodWorker.java:129)
	at org.testng.internal.TestMethodWorker.run(TestMethodWorker.java:112)
	at org.testng.TestRunner.privateRun(TestRunner.java:782)
	at org.testng.TestRunner.run(TestRunner.java:632)
	at org.testng.SuiteRunner.runTest(SuiteRunner.java:366)
	at org.testng.SuiteRunner.runSequentially(SuiteRunner.java:361)
	at org.testng.SuiteRunner.privateRun(SuiteRunner.java:319)
	at org.testng.SuiteRunner.run(SuiteRunner.java:268)
	at org.testng.SuiteRunnerWorker.runSuite(SuiteRunnerWorker.java:52)
	at org.testng.SuiteRunnerWorker.run(SuiteRunnerWorker.java:86)
	at org.testng.TestNG.runSuitesSequentially(TestNG.java:1244)
	at org.testng.TestNG.runSuitesLocally(TestNG.java:1169)
	at org.testng.TestNG.run(TestNG.java:1064)
	at org.testng.remote.AbstractRemoteTestNG.run(AbstractRemoteTestNG.java:126)
	at org.testng.remote.RemoteTestNG.initAndRun(RemoteTestNG.java:152)
	at org.testng.remote.RemoteTestNG.main(RemoteTestNG.java:57)
Caused by: java.lang.reflect.InvocationTargetException
	at sun.reflect.NativeConstructorAccessorImpl.newInstance0(Native Method)
	at sun.reflect.NativeConstructorAccessorImpl.newInstance(Unknown Source)
	at sun.reflect.DelegatingConstructorAccessorImpl.newInstance(Unknown Source)
	at java.lang.reflect.Constructor.newInstance(Unknown Source)
	at org.openqa.selenium.remote.server.DefaultDriverProvider.callConstructor(DefaultDriverProvider.java:103)
	... 34 more
Caused by: org.openqa.selenium.WebDriverException: Failed to connect to binary FirefoxBinary(C:\Program Files (x86)\Mozilla Firefox\firefox.exe) on port 7055; process output follows: 
tributors"]},"visible":true,"active":true,"userDisabled":false,"appDisabled":false,"descriptor":"C:\\Program Files (x86)\\Mozilla Firefox\\browser\\extensions\\{972ce4c6-7e08-4474-a285-3208198ce6fd}.xpi","installDate":1468267444593,"updateDate":1468267444593,"applyBackgroundUpdates":1,"skinnable":true,"size":21899,"sourceURI":null,"releaseNotesURI":null,"softDisabled":false,"foreignInstall":false,"hasBinaryComponents":false,"strictCompatibility":true,"locales":[],"targetApplications":[{"id":"{ec8030f7-c20a-464f-9b0e-13a3a9e97384}","minVersion":"48.0","maxVersion":"48.0"}],"targetPlatforms":[],"seen":true}
1468531280337	addons.xpi	DEBUG	getModTime: Recursive scan of {972ce4c6-7e08-4474-a285-3208198ce6fd}
1468531280338	DeferredSave.extensions.json	DEBUG	Save changes
1468531280338	addons.xpi	DEBUG	Updating database with changes to installed add-ons
1468531280338	addons.xpi-utils	DEBUG	Updating add-on states
1468531280339	addons.xpi-utils	DEBUG	Writing add-ons list
1468531280343	addons.xpi	DEBUG	Registering manifest for C:\Program Files (x86)\Mozilla Firefox\browser\features\e10srollout@mozilla.org.xpi
1468531280343	addons.xpi	DEBUG	Calling bootstrap method startup on e10srollout@mozilla.org version 1.0
1468531280344	addons.xpi	DEBUG	Registering manifest for C:\Program Files (x86)\Mozilla Firefox\browser\features\firefox@getpocket.com.xpi
1468531280344	addons.xpi	DEBUG	Calling bootstrap method startup on firefox@getpocket.com version 1.0.4
1468531280348	addons.xpi	DEBUG	Registering manifest for C:\Program Files (x86)\Mozilla Firefox\browser\features\loop@mozilla.org.xpi
1468531280350	addons.xpi	DEBUG	Calling bootstrap method startup on loop@mozilla.org version 1.4.2
1468531280368	addons.xpi	DEBUG	Registering manifest for C:\Program Files (x86)\Mozilla Firefox\browser\extensions\{82AF8DCA-6DE9-405D-BD5E-43525BDAD38A}.xpi
1468531280369	addons.xpi	DEBUG	Calling bootstrap method startup on {82AF8DCA-6DE9-405D-BD5E-43525BDAD38A} version 8.1.0.9134
1468531280371	addons.manager	DEBUG	Registering shutdown blocker for XPIProvider
1468531280372	addons.manager	DEBUG	Provider finished startup: XPIProvider
1468531280372	addons.manager	DEBUG	Starting provider: LightweightThemeManager
1468531280372	addons.manager	DEBUG	Registering shutdown blocker for LightweightThemeManager
1468531280372	addons.manager	DEBUG	Provider finished startup: LightweightThemeManager
1468531280372	addons.manager	DEBUG	Starting provider: GMPProvider
1468531280379	addons.manager	DEBUG	Registering shutdown blocker for GMPProvider
1468531280379	addons.manager	DEBUG	Provider finished startup: GMPProvider
1468531280379	addons.manager	DEBUG	Starting provider: PluginProvider
1468531280379	addons.manager	DEBUG	Registering shutdown blocker for PluginProvider
1468531280379	addons.manager	DEBUG	Provider finished startup: PluginProvider
1468531280380	addons.manager	DEBUG	Completed startup sequence
1468531281070	addons.manager	DEBUG	Starting provider: <unnamed-provider>
1468531281070	addons.manager	DEBUG	Registering shutdown blocker for <unnamed-provider>
1468531281070	addons.manager	DEBUG	Provider finished startup: <unnamed-provider>
1468531281392	DeferredSave.extensions.json	DEBUG	Write succeeded
1468531281392	addons.xpi-utils	DEBUG	XPI Database saved, setting schema version preference to 17
1468531281392	DeferredSave.extensions.json	DEBUG	Starting timer
1468531281411	addons.repository	DEBUG	No addons.json found.
1468531281411	DeferredSave.addons.json	DEBUG	Save changes
1468531281415	DeferredSave.addons.json	DEBUG	Starting timer
1468531281451	addons.manager	DEBUG	Starting provider: PreviousExperimentProvider
1468531281451	addons.manager	DEBUG	Registering shutdown blocker for PreviousExperimentProvider
1468531281451	addons.manager	DEBUG	Provider finished startup: PreviousExperimentProvider
1468531281453	DeferredSave.extensions.json	DEBUG	Starting write
1468531281525	DeferredSave.addons.json	DEBUG	Starting write
1468531281529	DeferredSave.extensions.json	DEBUG	Write succeeded
1468531281550	DeferredSave.addons.json	DEBUG	Write succeeded

Build info: version: '2.53.0', revision: '35ae25b1534ae328c771e0856c93e187490ca824', time: '2016-03-15 10:43:46'
System info: host: 'VAIO', ip: '10.136.28.114', os.name: 'Windows 10', os.arch: 'amd64', os.version: '10.0', java.version: '1.8.0_91'
Driver info: driver.version: FirefoxDriver
	at org.openqa.selenium.firefox.internal.NewProfileExtensionConnection.start(NewProfileExtensionConnection.java:125)
	at org.openqa.selenium.firefox.FirefoxDriver.startClient(FirefoxDriver.java:271)
	at org.openqa.selenium.remote.RemoteWebDriver.<init>(RemoteWebDriver.java:119)
	at org.openqa.selenium.firefox.FirefoxDriver.<init>(FirefoxDriver.java:216)
	at org.openqa.selenium.firefox.FirefoxDriver.<init>(FirefoxDriver.java:211)
	at org.openqa.selenium.firefox.FirefoxDriver.<init>(FirefoxDriver.java:128)
	... 39 more
Caused by: org.openqa.selenium.firefox.NotConnectedException: Unable to connect to host 127.0.0.1 on port 7055 after 45000 ms. Firefox console output:
tributors"]},"visible":true,"active":true,"userDisabled":false,"appDisabled":false,"descriptor":"C:\\Program Files (x86)\\Mozilla Firefox\\browser\\extensions\\{972ce4c6-7e08-4474-a285-3208198ce6fd}.xpi","installDate":1468267444593,"updateDate":1468267444593,"applyBackgroundUpdates":1,"skinnable":true,"size":21899,"sourceURI":null,"releaseNotesURI":null,"softDisabled":false,"foreignInstall":false,"hasBinaryComponents":false,"strictCompatibility":true,"locales":[],"targetApplications":[{"id":"{ec8030f7-c20a-464f-9b0e-13a3a9e97384}","minVersion":"48.0","maxVersion":"48.0"}],"targetPlatforms":[],"seen":true}
1468531280337	addons.xpi	DEBUG	getModTime: Recursive scan of {972ce4c6-7e08-4474-a285-3208198ce6fd}
1468531280338	DeferredSave.extensions.json	DEBUG	Save changes
1468531280338	addons.xpi	DEBUG	Updating database with changes to installed add-ons
1468531280338	addons.xpi-utils	DEBUG	Updating add-on states
1468531280339	addons.xpi-utils	DEBUG	Writing add-ons list
1468531280343	addons.xpi	DEBUG	Registering manifest for C:\Program Files (x86)\Mozilla Firefox\browser\features\e10srollout@mozilla.org.xpi
1468531280343	addons.xpi	DEBUG	Calling bootstrap method startup on e10srollout@mozilla.org version 1.0
1468531280344	addons.xpi	DEBUG	Registering manifest for C:\Program Files (x86)\Mozilla Firefox\browser\features\firefox@getpocket.com.xpi
1468531280344	addons.xpi	DEBUG	Calling bootstrap method startup on firefox@getpocket.com version 1.0.4
1468531280348	addons.xpi	DEBUG	Registering manifest for C:\Program Files (x86)\Mozilla Firefox\browser\features\loop@mozilla.org.xpi
1468531280350	addons.xpi	DEBUG	Calling bootstrap method startup on loop@mozilla.org version 1.4.2
1468531280368	addons.xpi	DEBUG	Registering manifest for C:\Program Files (x86)\Mozilla Firefox\browser\extensions\{82AF8DCA-6DE9-405D-BD5E-43525BDAD38A}.xpi
1468531280369	addons.xpi	DEBUG	Calling bootstrap method startup on {82AF8DCA-6DE9-405D-BD5E-43525BDAD38A} version 8.1.0.9134
1468531280371	addons.manager	DEBUG	Registering shutdown blocker for XPIProvider
1468531280372	addons.manager	DEBUG	Provider finished startup: XPIProvider
1468531280372	addons.manager	DEBUG	Starting provider: LightweightThemeManager
1468531280372	addons.manager	DEBUG	Registering shutdown blocker for LightweightThemeManager
1468531280372	addons.manager	DEBUG	Provider finished startup: LightweightThemeManager
1468531280372	addons.manager	DEBUG	Starting provider: GMPProvider
1468531280379	addons.manager	DEBUG	Registering shutdown blocker for GMPProvider
1468531280379	addons.manager	DEBUG	Provider finished startup: GMPProvider
1468531280379	addons.manager	DEBUG	Starting provider: PluginProvider
1468531280379	addons.manager	DEBUG	Registering shutdown blocker for PluginProvider
1468531280379	addons.manager	DEBUG	Provider finished startup: PluginProvider
1468531280380	addons.manager	DEBUG	Completed startup sequence
1468531281070	addons.manager	DEBUG	Starting provider: <unnamed-provider>
1468531281070	addons.manager	DEBUG	Registering shutdown blocker for <unnamed-provider>
1468531281070	addons.manager	DEBUG	Provider finished startup: <unnamed-provider>
1468531281392	DeferredSave.extensions.json	DEBUG	Write succeeded
1468531281392	addons.xpi-utils	DEBUG	XPI Database saved, setting schema version preference to 17
1468531281392	DeferredSave.extensions.json	DEBUG	Starting timer
1468531281411	addons.repository	DEBUG	No addons.json found.
1468531281411	DeferredSave.addons.json	DEBUG	Save changes
1468531281415	DeferredSave.addons.json	DEBUG	Starting timer
1468531281451	addons.manager	DEBUG	Starting provider: PreviousExperimentProvider
1468531281451	addons.manager	DEBUG	Registering shutdown blocker for PreviousExperimentProvider
1468531281451	addons.manager	DEBUG	Provider finished startup: PreviousExperimentProvider
1468531281453	DeferredSave.extensions.json	DEBUG	Starting write
1468531281525	DeferredSave.addons.json	DEBUG	Starting write
1468531281529	DeferredSave.extensions.json	DEBUG	Write succeeded
1468531281550	DeferredSave.addons.json	DEBUG	Write succeeded

	at org.openqa.selenium.firefox.internal.NewProfileExtensionConnection.start(NewProfileExtensionConnection.java:113)
	... 44 more
]]>
    </error>
  </testcase> <!-- testLoginTest2 -->
</testsuite> <!-- ru.stqa.selenium.LoginTest2 -->
